C51 COMPILER V9.05   HTTPDAPI                                                              04/09/2012 13:44:24 PAGE 1   


C51 COMPILER V9.05, COMPILATION OF MODULE HTTPDAPI
OBJECT MODULE PLACED IN .\httpdapi.obj
COMPILER INVOKED BY: C:\Keil\C51\BIN\C51.EXE ..\src\mhttp\httpdapi.c LARGE OMF2 ROM(D16M) BROWSE INTVECTOR(0X8020) INCDI
                    -R(..\src\main;..\src\mcpu;..\src\mswdma;..\src\uart0;..\src\mmstimer;..\src\mwif;..\src\madapter;..\src\mtcpip;..\src\mp
                    -ing;..\src\mpppoe;..\src\si2c;..\src\mdnsc;..\src\mconsole;..\src\mtelnet;..\src\meeprom;..\src\mmac;..\src\mdhcpc;..\sr
                    -c\mhttp;..\src\mgs2wifi;..\src\mhsuart;..\src\msmtpc;..\src\web_page;..\src\mdhcps;..\src\mdebug;..\src\counter) DEFINE(
                    -RuntimeCodeAt32KH) VARBANKING DEBUG PRINT(.\httpdapi.lst) OBJECT(.\httpdapi.obj)

line level    source

   1          /*
   2           ******************************************************************************
   3           *     Copyright (c) 2010       ASIX Electronic Corporation      All rights reserved.
   4           *
   5           *     This is unpublished proprietary source code of ASIX Electronic Corporation
   6           *
   7           *     The copyright notice above does not evidence any actual or intended
   8           *     publication of such source code.
   9           ******************************************************************************
  10           */
  11           /*============================================================================
  12           * Module Name: httpapi.c
  13           * Purpose:
  14           * Author:
  15           * Date:
  16           * Notes:
  17           * $Log: httpapi.c,v $
  18           * no message
  19           *
  20           *=============================================================================
  21           */
  22          
  23          /* INCLUDE FILE DECLARATIONS */
  24          #include "httpdapi.h"
  25          #include <stdarg.h>
  26          #include <stdio.h>
  27          #include <string.h>
  28          #include <ctype.h>
  29          
  30          #include "tcpip.h"
  31          #include "filesys.h"
  32          
  33          /* NAMING CONSTANT DECLARATIONS */
  34          
  35          /* GLOBAL VARIABLES DECLARATIONS */
  36          
  37          /* LOCAL VARIABLES DECLARATIONS */
  38          
  39          /* LOCAL SUBPROGRAM DECLARATIONS */
  40          static U8_T httpapi_StrCpyReturnLen(U8_T **pDst, U8_T *pSur);
  41          static U8_T httpapi_BuildContentTypeHeader(U8_T **pDst, U8_T opt);
  42          
  43          /*
  44           * ----------------------------------------------------------------------------
  45           * Function Name: httpapi_StrCpyReturnLen()
  46           * Purpose:
  47           * Params:
  48           * Returns:
  49           * Note:
  50           * ----------------------------------------------------------------------------
  51           */
C51 COMPILER V9.05   HTTPDAPI                                                              04/09/2012 13:44:24 PAGE 2   

  52          U8_T httpapi_StrCpyReturnLen(U8_T **pDst, U8_T *pSur)
  53          {
  54   1              U8_T len;
  55   1              
  56   1              for (len=0; pSur[len] != '\0'; len++)
  57   1              {
  58   2                      (*pDst)[len] = pSur[len];
  59   2              }
  60   1              (*pDst) += len;
  61   1              return len;
  62   1      } /* End of httpapi_StrCpyReturnLen() */
  63          
  64          /*
  65           * ----------------------------------------------------------------------------
  66           * Function Name: HTTPAPI_ResponseErrMessage()
  67           * Purpose:
  68           * Params:
  69           * Returns:
  70           * Note:
  71           * ----------------------------------------------------------------------------
  72           */
  73          void HTTPAPI_ResponseErrMessage(U8_T *pDst, U8_T status, HTTP_SERVER_CONN *pConn)
  74          {
  75   1              U16_T len;
  76   1              U8_T *pSur = pDst, *pStatusCode;
  77   1      
  78   1              switch (status)
  79   1              {
  80   2              case HTTPAPI_400_BadRequest:
  81   2                      pStatusCode = "400 Bad_Request"; break;
  82   2              case HTTPAPI_404_NotFound:
  83   2              default:        
  84   2                      pStatusCode = "404 Not_Found"; break;
  85   2              case HTTPAPI_405_MethodNotAllowed:
  86   2                      pStatusCode = "405 Method_Not_Allowed"; break;
  87   2              case HTTPAPI_406_NotAccepTable:
  88   2                      pStatusCode = "406 Not_Acceptable"; break;
  89   2              }
  90   1                      
  91   1              /* Build response start line */
  92   1              len = httpapi_StrCpyReturnLen(&pDst, "HTTP/1.1");
  93   1              len += httpapi_StrCpyReturnLen(&pDst," ");      
  94   1              len += httpapi_StrCpyReturnLen(&pDst, pStatusCode);
  95   1              len += httpapi_StrCpyReturnLen(&pDst,"\r\n");
  96   1                              
  97   1              /* Build generic headers */
  98   1              len += httpapi_StrCpyReturnLen(&pDst, "Cache-control: no-cache\r\n");
  99   1              len += httpapi_StrCpyReturnLen(&pDst, "Connection: keep-alive\r\n");
 100   1              len += httpapi_StrCpyReturnLen(&pDst, "Content-type: text/html\r\n");
 101   1              
 102   1              /* Build empty line */
 103   1              len += httpapi_StrCpyReturnLen(&pDst, "\r\n");
 104   1              
 105   1              /* Build error message */
 106   1              len += httpapi_StrCpyReturnLen(&pDst, "<html><head><title>");   
 107   1              len += httpapi_StrCpyReturnLen(&pDst, "Document_Error");
 108   1              len += httpapi_StrCpyReturnLen(&pDst, "</title></head><body><h2>Access Error: ");
 109   1              len += httpapi_StrCpyReturnLen(&pDst, pStatusCode);
 110   1              len += httpapi_StrCpyReturnLen(&pDst, "</h2></body></html>");
 111   1                              
 112   1              /* Send response message */
 113   1              TCPIP_TcpSend(pConn->TcpSocket, pSur, len, TCPIP_SEND_FINAL);
C51 COMPILER V9.05   HTTPDAPI                                                              04/09/2012 13:44:24 PAGE 3   

 114   1              pConn->State = HTTP_STATE_SEND_FINAL;           
 115   1      } /* End of HTTPAPI_ResponseErrMessage() */
 116          
 117          /*
 118           * ----------------------------------------------------------------------------
 119           * Function Name: HTTPAPI_ResponseRedirectMesssge()
 120           * Purpose:
 121           * Params:
 122           * Returns:
 123           * Note:
 124           * ----------------------------------------------------------------------------
 125           */
 126          void HTTPAPI_ResponseRedirectMesssge(U8_T *pDst, U8_T fid, HTTP_SERVER_CONN *pConn)
 127          {
 128   1              U16_T len;
 129   1              U8_T *pSur = pDst;
 130   1              
 131   1              /* Build response start line */
 132   1              len = httpapi_StrCpyReturnLen(&pDst, "HTTP/1.1");
 133   1              len += httpapi_StrCpyReturnLen(&pDst," ");      
 134   1              len += httpapi_StrCpyReturnLen(&pDst, "302 Re-direction");
 135   1              len += httpapi_StrCpyReturnLen(&pDst,"\r\n");
 136   1              
 137   1              /* Build generic headers */
 138   1              len += httpapi_StrCpyReturnLen(&pDst, "Cache-control: no-cache\r\n");
 139   1              len += httpapi_StrCpyReturnLen(&pDst, "Connection: keep-alive\r\n");
 140   1              len += httpapi_StrCpyReturnLen(&pDst, "Content-type: text/html\r\n");
 141   1      
 142   1              /* Build redirection header */
 143   1              len += httpapi_StrCpyReturnLen(&pDst, "Location: ");
 144   1              len += httpapi_StrCpyReturnLen(&pDst, FSYS_Manage[fid].FName);
 145   1              len += httpapi_StrCpyReturnLen(&pDst, "\r\n");
 146   1              
 147   1              /* Build empty line */
 148   1              len += httpapi_StrCpyReturnLen(&pDst, "\r\n");
 149   1              
 150   1              /* Send response message */
 151   1              TCPIP_TcpSend(pConn->TcpSocket, pSur, len, TCPIP_SEND_FINAL);
 152   1              pConn->State = HTTP_STATE_SEND_FINAL;   
 153   1      } /* End of HTTPAPI_ResponseRedirectMesssge() */
 154          
 155          /*
 156           * ----------------------------------------------------------------------------
 157           * Function Name: HTTPAPI_ResponseAuthenMessage()
 158           * Purpose:
 159           * Params:
 160           * Returns:
 161           * Note:
 162           * ----------------------------------------------------------------------------
 163           */
 164          void HTTPAPI_ResponseAuthenMessage(U8_T *pDst, U8_T *pMsg, HTTP_SERVER_CONN *pConn)
 165          {
 166   1              U16_T len;
 167   1              U8_T *pSur = pDst;
 168   1              
 169   1              /* Build response start line */
 170   1              len = httpapi_StrCpyReturnLen(&pDst, "HTTP/1.1");
 171   1              len += httpapi_StrCpyReturnLen(&pDst," ");      
 172   1              len += httpapi_StrCpyReturnLen(&pDst, "401 Unauthorized");
 173   1              len += httpapi_StrCpyReturnLen(&pDst,"\r\n");
 174   1              
 175   1              /* Build generic headers */
C51 COMPILER V9.05   HTTPDAPI                                                              04/09/2012 13:44:24 PAGE 4   

 176   1              len += httpapi_StrCpyReturnLen(&pDst, "Cache-control: no-cache\r\n");
 177   1              len += httpapi_StrCpyReturnLen(&pDst, "Connection: keep-alive\r\n");
 178   1              len += httpapi_StrCpyReturnLen(&pDst, "Content-type: text/html\r\n");
 179   1              len += httpapi_StrCpyReturnLen(&pDst, "WWW-Authenticate: BASIC realm=\"");
 180   1              len += httpapi_StrCpyReturnLen(&pDst, pMsg);
 181   1              len += httpapi_StrCpyReturnLen(&pDst, "\"\r\n");
 182   1      
 183   1              /* Build empty line */
 184   1              len += httpapi_StrCpyReturnLen(&pDst, "\r\n");
 185   1              
 186   1              /* Send response message */
 187   1              TCPIP_TcpSend(pConn->TcpSocket, pSur, len, TCPIP_SEND_FINAL);
 188   1              pConn->State = HTTP_STATE_SEND_FINAL;
 189   1      } /* End of HTTPAPI_ResponseAuthenMessage() */
 190          
 191          /*
 192           * ----------------------------------------------------------------------------
 193           * Function Name: HTTPAPI_BuildGenericHeaders()
 194           * Purpose:
 195           * Params:
 196           * Returns:
 197           * Note:
 198           * ----------------------------------------------------------------------------
 199           */
 200          U16_T HTTPAPI_BuildGenericHeaders(U8_T **pDst, U8_T fid)
 201          {
 202   1              U16_T len;
 203   1              
 204   1              /* Build start line */  
 205   1              len = httpapi_StrCpyReturnLen(pDst, "HTTP/1.1");
 206   1              len += httpapi_StrCpyReturnLen(pDst," ");       
 207   1              len += httpapi_StrCpyReturnLen(pDst, "200 Ok");
 208   1              len += httpapi_StrCpyReturnLen(pDst,"\r\n");
 209   1              
 210   1              /* Build message headers */     
 211   1              len += httpapi_StrCpyReturnLen(pDst, "Cache-control: no-cache\r\n");
 212   1              len += httpapi_StrCpyReturnLen(pDst, "Connection: keep-alive\r\n");
 213   1              len += httpapi_StrCpyReturnLen(pDst, "Content-type: ");
 214   1              switch (FSYS_Manage[fid].FType)
 215   1              {
 216   2              default:                        
 217   2              case FILE_TYPE_HTML:
 218   2                      len += httpapi_StrCpyReturnLen(pDst, "text/html");      break;
 219   2              case FILE_TYPE_BIN:
 220   2                      len += httpapi_StrCpyReturnLen(pDst, "image/jpeg"); break;      
 221   2              case FILE_TYPE_JS:
 222   2                      len += httpapi_StrCpyReturnLen(pDst, "application/javascript"); break;  
 223   2              case FILE_TYPE_CSS:
 224   2                      len += httpapi_StrCpyReturnLen(pDst, "text/css"); break;        
 225   2              }       
 226   1              len += httpapi_StrCpyReturnLen(pDst, "\r\n");   
 227   1              
 228   1              /* Build empty line */
 229   1              len += httpapi_StrCpyReturnLen(pDst, "\r\n");   
 230   1              
 231   1              return len;
 232   1      } /* End of HTTPAPI_BuildGenericHeaders() */
 233          
 234          /*
 235           * ----------------------------------------------------------------------------
 236           * Function Name: HTTPAPI_BuildMessageBody()
 237           * Purpose:
C51 COMPILER V9.05   HTTPDAPI                                                              04/09/2012 13:44:24 PAGE 5   

 238           * Params:
 239           * Returns:
 240           * Note:
 241           * ----------------------------------------------------------------------------
 242           */
 243          U16_T HTTPAPI_BuildMessageBody(U8_T **pDst, U8_T Opt, U8_T *pName, U8_T *pId, const char *fmt, ...)
 244          {
 245   1              U16_T len = 0, lentmp = 0;
 246   1              va_list args;
 247   1      
 248   1              switch (Opt)
 249   1              {
 250   2              /* Build pure text message */   
 251   2              default:
 252   2              case HTTPAPI_FmtOnly:
 253   2                      if (fmt)
 254   2                      {       
 255   3                              va_start(args, fmt);
 256   3                              len = vsprintf(*pDst,fmt,args);
 257   3                              va_end(args);
 258   3                              (*pDst) += len;
 259   3                      }
 260   2                      break;
 261   2                      
 262   2              /* Build hidden element */
 263   2              case HTTPAPI_Hidden:
 264   2                      len += httpapi_StrCpyReturnLen(pDst, "<input type=\"hidden\" ");
 265   2                      if (pName)
 266   2                      {
 267   3                              len += httpapi_StrCpyReturnLen(pDst, "name=\"");
 268   3                              len += httpapi_StrCpyReturnLen(pDst, pName);            
 269   3                              len += httpapi_StrCpyReturnLen(pDst, "\" ");
 270   3                      }
 271   2                      if (pId)
 272   2                      {
 273   3                              len += httpapi_StrCpyReturnLen(pDst, "id=\"");
 274   3                              len += httpapi_StrCpyReturnLen(pDst, pId);              
 275   3                              len += httpapi_StrCpyReturnLen(pDst, "\" ");
 276   3                      }
 277   2                      if (fmt)
 278   2                      {
 279   3                              len += httpapi_StrCpyReturnLen(pDst, "value=\"");
 280   3                              va_start(args, fmt);
 281   3                              lentmp = vsprintf(*pDst,fmt,args);
 282   3                              va_end(args);
 283   3                              len += lentmp;
 284   3                              (*pDst) += lentmp;                      
 285   3                              len += httpapi_StrCpyReturnLen(pDst, "\" ");
 286   3                      }
 287   2                      len += httpapi_StrCpyReturnLen(pDst, "/>");             
 288   2                      break;
 289   2              }
 290   1              
 291   1              return len;
 292   1      } /* End of HTTPAPI_BuildMessageBody() */
 293          
 294          /*
 295           * ----------------------------------------------------------------------------
 296           * Function Name: HTTPAPI_ResponseResource()
 297           * Purpose:
 298           * Params:
 299           * Returns:
C51 COMPILER V9.05   HTTPDAPI                                                              04/09/2012 13:44:24 PAGE 6   

 300           * Note:
 301           * ----------------------------------------------------------------------------
 302           */
 303          void HTTPAPI_ResponseResource(U8_T *pSur, U16_T len, U8_T fid, HTTP_SERVER_CONN *pConn)
 304          {
 305   1              pConn->FileId = fid;
 306   1              
 307   1              /* Send response message */
 308   1              TCPIP_TcpSend(pConn->TcpSocket, pSur, len, TCPIP_SEND_NOT_FINAL);
 309   1              pConn->State = HTTP_STATE_SEND_HEADER;  
 310   1      } /* End of HTTPAPI_ResponseResource() */
 311          
 312          
 313          /*
 314           * ----------------------------------------------------------------------------
 315           * Function Name: HTTPAPI_Str2Short()
 316           * Purpose: Transfer a string to ushort number.
 317           * Params:
 318           * Returns:
 319           * Note:
 320           * ----------------------------------------------------------------------------
 321           */
 322          U16_T HTTPAPI_Str2Short(U8_T* pBuf, U8_T len)
 323          {
 324   1              U32_T   value = 0;
 325   1      
 326   1              while (len--)
 327   1              {
 328   2                      value *= 10;
 329   2       
 330   2                      if ((*pBuf < 0x3a) && (*pBuf > 0x2f))
 331   2                              value += (*pBuf - 0x30);
 332   2                      else
 333   2                              return 0xffff;
 334   2      
 335   2                      pBuf++;
 336   2              }
 337   1              if (value & 0xFFFF0000) return 0xFFFF;
 338   1              return (U16_T)(value & 0xFFFF);
 339   1      
 340   1      } /* End of HTTPAPI_Str2Short() */
 341          
 342          /*
 343           * ----------------------------------------------------------------------------
 344           * Function Name: HTTPAPI_Short2Str
 345           * Purpose: Transfer a unsigned short number to decimal string.
 346           * Params:
 347           * Returns:
 348           * Note:
 349           * ----------------------------------------------------------------------------
 350           */
 351          U8_T HTTPAPI_Short2Str(U16_T value, U8_T* pBuf)
 352          {
 353   1              U8_T*   point = (U8_T*)&value;
 354   1              U8_T    i, j, k, len = 0;
 355   1              U16_T   tmp;
 356   1      
 357   1              if (value > 9999)
 358   1                      len = 5;
 359   1              else if (value > 999)
 360   1                      len = 4;
 361   1              else if (value > 99)
C51 COMPILER V9.05   HTTPDAPI                                                              04/09/2012 13:44:24 PAGE 7   

 362   1                      len = 3;
 363   1              else if (value > 9)
 364   1                      len = 2;
 365   1              else
 366   1                      len = 1;
 367   1      
 368   1              pBuf[len - 1] = (value % 10) + 0x30;
 369   1              for (i = 0; i < len - 1 ; i++)
 370   1              {
 371   2                      j = (len - 1) - i;
 372   2                      tmp = 1;
 373   2                      for (k = 0; k < j; k++)
 374   2                      {
 375   3                              tmp = tmp * 10;
 376   3                      }
 377   2                      pBuf[i] = (value / tmp) + 0x30;
 378   2                      value = value - ((pBuf[i] - 0x30) * tmp);
 379   2              }
 380   1      
 381   1              return len;
 382   1      
 383   1      } /* End of HTTPAPI_Short2Str() */
 384          
 385          /*
 386           * ----------------------------------------------------------------------------
 387           * Function Name: HTTPAPI_Ulong2IpAddr()
 388           * Purpose: Convertion a unsigne long to dotted decimal notation string
 389           * Params:
 390           * Returns:
 391           * Note:
 392           * ----------------------------------------------------------------------------
 393           */
 394          U8_T HTTPAPI_Ulong2IpAddr(U32_T ip, U8_T* pbuf)
 395          {
 396   1              U8_T*   point = (U8_T*)&ip;
 397   1              U8_T    i = sizeof (U32_T);
 398   1              U8_T    temp, value[3];
 399   1              U8_T    j, len = 0;
 400   1      
 401   1              while (i--)
 402   1              {
 403   2                      temp = *point++;
 404   2                      if (temp == 0)
 405   2                      {
 406   3                              *pbuf++ = 0x30;
 407   3                              len++;
 408   3                      }
 409   2                      else
 410   2                      {
 411   3                              j = 3;
 412   3                              while (j--)
 413   3                              {
 414   4                                      value[j] = (temp % 10) + 0x30;
 415   4                                      temp /= 10;
 416   4                              }
 417   3      
 418   3                              if (value[0] != '0')
 419   3                              {
 420   4                                      *pbuf++ = value[0];
 421   4                                      *pbuf++ = value[1];
 422   4                                      *pbuf++ = value[2];
 423   4                                      len += 3;
C51 COMPILER V9.05   HTTPDAPI                                                              04/09/2012 13:44:24 PAGE 8   

 424   4                              }
 425   3                              else if (value[1] != '0')
 426   3                              {
 427   4                                      *pbuf++ = value[1];
 428   4                                      *pbuf++ = value[2];
 429   4                                      len += 2;
 430   4                              }
 431   3                              else
 432   3                              {
 433   4                                      *pbuf++ = value[2];
 434   4                                      len++;
 435   4                              }
 436   3                      }
 437   2      
 438   2                      if (i)
 439   2                      {
 440   3                              *pbuf++ = '.';
 441   3                              len++;
 442   3                      }
 443   2              }
 444   1      
 445   1              return len;
 446   1                              
 447   1      } /* End of HTTPAPI_Ulong2IpAddr() */
 448          
 449          /*
 450           * ----------------------------------------------------------------------------
 451           * Function Name: HTTPAPI_IpAddr2Ulong()
 452           * Purpose: Convertion dotted decimal notation string to a unsigne long
 453           * Params:
 454           * Returns:
 455           * Note:
 456           * ----------------------------------------------------------------------------
 457           */
 458          U32_T HTTPAPI_IpAddr2Ulong(U8_T* pBuf, U8_T len)
 459          {
 460   1              U32_T   ip = 0;
 461   1              U16_T   value16;
 462   1              U8_T*   point = (U8_T*)&ip;
 463   1              U8_T    count = 0;
 464   1      
 465   1              while (1)
 466   1              {
 467   2                      value16 = 0;
 468   2      
 469   2                      while ((*pBuf != '.') && len)
 470   2                      {
 471   3                              *point *= 10;
 472   3                              value16 *= 10;
 473   3        
 474   3                              if ((*pBuf < 0x3a) && (*pBuf > 0x2f))
 475   3                              {
 476   4                                      *point += (*pBuf - 0x30);
 477   4                                      value16 += (*pBuf - 0x30);
 478   4                              }
 479   3                              else
 480   3                                      return 0xffffffff;
 481   3      
 482   3                              pBuf++;
 483   3                              len--;
 484   3                      }
 485   2      
C51 COMPILER V9.05   HTTPDAPI                                                              04/09/2012 13:44:24 PAGE 9   

 486   2                      if (value16 > 255)
 487   2                              return 0xffffffff;
 488   2      
 489   2                      if (len == 0)
 490   2                              break;
 491   2      
 492   2                      pBuf++;
 493   2                      len--;
 494   2                      count++;
 495   2                      point++;
 496   2      
 497   2                      if (count > 3)
 498   2                              return 0xffffffff;
 499   2              }
 500   1      
 501   1              if (count != 3)
 502   1                      return 0xffffffff;
 503   1      
 504   1              return ip;
 505   1      } /* End of HTTPAPI_IpAddr2Ulong() */
 506          
 507          /*
 508           * ----------------------------------------------------------------------------
 509           * Function Name: U8_T HTTPAPI_Num2HexText()
 510           * Purpose: 
 511           * Params:
 512           * Returns:
 513           * Note:
 514           * ----------------------------------------------------------------------------
 515           */
 516          U8_T HTTPAPI_Num2HexText(U8_T *pHexText, U8_T *pNum, U8_T NumLen)
 517          {
 518   1              U8_T Char, i, HexTextLen;
 519   1              
 520   1              for (i = 0, HexTextLen = 0; i < NumLen; i ++)
 521   1              {
 522   2                      Char = pNum[i] >> 4;
 523   2                      if (Char > 9)
 524   2                              Char += 0x57;
 525   2                      else
 526   2                              Char += 0x30;
 527   2                      pHexText[HexTextLen++] = Char;
 528   2              
 529   2                      Char = (pNum[i]) & 0x0f;
 530   2                      if (Char > 9)
 531   2                              Char += 0x57;
 532   2                      else
 533   2                              Char += 0x30;
 534   2                      pHexText[HexTextLen++] = Char;
 535   2              }
 536   1              pHexText[HexTextLen] = '\0';
 537   1              
 538   1              return HexTextLen;
 539   1      } /* End of HTTPAPI_Num2HexText() */
 540          
 541          /*
 542           * ----------------------------------------------------------------------------
 543           * Function Name: U8_T HTTPAPI_HexText2Num()
 544           * Purpose: 
 545           * Params:
 546           * Returns:
 547           * Note:
C51 COMPILER V9.05   HTTPDAPI                                                              04/09/2012 13:44:24 PAGE 10  

 548           * ----------------------------------------------------------------------------
 549           */
 550          U8_T HTTPAPI_HexText2Num(U8_T *pNum, U8_T *pHexText, U8_T HexTextLen)
 551          {
 552   1              U8_T i, NumLen;
 553   1              
 554   1              for (i = 0, NumLen = 0; i < HexTextLen; i ++)
 555   1              {
 556   2                      if (pHexText[i] >= '0' && pHexText[i] <= '9')
 557   2                              pNum[NumLen] = (pHexText[i++] - 0x30) << 4;
 558   2                      else if (pHexText[i] >= 'a' && pHexText[i] <= 'f')
 559   2                              pNum[NumLen] = (pHexText[i++] - 0x57) << 4;             
 560   2                      else if (pHexText[i] >= 'A' && pHexText[i] <= 'F')
 561   2                              pNum[NumLen] = (pHexText[i++] - 0x37) << 4;
 562   2                      else
 563   2                              return 0;// not a valid character //
 564   2                              
 565   2                      if (!(i < HexTextLen))
 566   2                      {
 567   3                              NumLen ++;
 568   3                              break;
 569   3                      }
 570   2                      
 571   2                      if (pHexText[i] >= '0' && pHexText[i] <= '9')
 572   2                              pNum[NumLen++] |= (pHexText[i] - 0x30);
 573   2                      else if (pHexText[i] >= 'a' && pHexText[i] <= 'f')
 574   2                              pNum[NumLen++] |= (pHexText[i] - 0x57);         
 575   2                      else if (pHexText[i] >= 'A' && pHexText[i] <= 'F')
 576   2                              pNum[NumLen++] |= (pHexText[i] - 0x37);
 577   2                      else
 578   2                              return 0;// not a valid character //
 579   2              }
 580   1                      
 581   1              return NumLen;
 582   1      } /* End of HTTPAPI_HexText2Num() */
 583          
 584          
 585          /*
 586           * ----------------------------------------------------------------------------
 587           * Function Name: U16_T HTTPAPI_MIMEbase64Decode()
 588           * Purpose: 
 589           * Params:
 590           * Returns:
 591           * Note:
 592           * ----------------------------------------------------------------------------
 593           */
 594          U16_T HTTPAPI_MIMEbase64Decode(U8_T *pDst, U8_T *pSur, U16_T len)
 595          {
 596   1              U8_T i, tmp[4];
 597   1              U16_T j = 0;
 598   1      
 599   1              while (len)
 600   1              {
 601   2                      // get 4 bytes from source buffer //
 602   2                      for (i = 0; i < 4; i ++)
 603   2                      {
 604   3                              if (len)
 605   3                              {
 606   4                                      tmp[i] = *pSur++;
 607   4                                      len --;
 608   4                              }
 609   3                              else
C51 COMPILER V9.05   HTTPDAPI                                                              04/09/2012 13:44:24 PAGE 11  

 610   3                                      tmp[i] = 0;
 611   3                      }
 612   2      
 613   2                      // decode start //
 614   2                      for (i = 0; i < 4; i++)
 615   2                      {
 616   3                              if (tmp[i] > ('A'-1) && tmp[i] < ('Z'+1))
 617   3                                      tmp[i] -= 65;
 618   3                              else if (tmp[i] > ('a'-1) && tmp[i] < ('z'+1))
 619   3                                      tmp[i] -= 71;
 620   3                              else if (tmp[i] > ('0'-1) && tmp[i] < ('9'+1))
 621   3                                      tmp[i] += 4;
 622   3                              else if (tmp[i] == '+')
 623   3                                      tmp[i] += 19;
 624   3                              else if (tmp[i] == '/')
 625   3                                      tmp[i] += 16;
 626   3                              else if (tmp[i] == '=')
 627   3                                      tmp[i] = 0;
 628   3                      }
 629   2                      
 630   2                      // export data to destination buffer //
 631   2                      *pDst++ = (tmp[0] << 2) | (tmp[1] >> 4);
 632   2                      if (*(pDst - 1) != 0) j ++;
 633   2                      *pDst++ = (tmp[1] << 4) | (tmp[2] >> 2);
 634   2                      if (*(pDst - 1) != 0) j ++;             
 635   2                      *pDst++ = (tmp[2] << 6) | tmp[3];
 636   2                      if (*(pDst - 1) != 0) j ++;             
 637   2              }
 638   1              return j;
 639   1      } /* End of HTTPAPI_MIMEbase64Decode() */
 640          
 641          /*
 642           * ----------------------------------------------------------------------------
 643           * Function Name: httpapi_SearchStrStopByTag()
 644           * Purpose: 
 645           * Params:
 646           * Returns:
 647           * Note:
 648           * ----------------------------------------------------------------------------
 649           */
 650          U16_T httpapi_SearchStrStopByTag(U8_T *pSur, U8_T *pRef, U8_T *pStop)
 651          {
 652   1              U16_T i;
 653   1              U8_T c;
 654   1      
 655   1              for (i = 0; i < 1600; i ++)
 656   1              {
 657   2                      for (c = 0; pRef[c] != '\0'; c ++)
 658   2                      {
 659   3                              if (pSur[i+c] != pRef[c])
 660   3                                      break;
 661   3                      }
 662   2                      if (pRef[c] == '\0')
 663   2                              return i;// found return offset //
 664   2                              
 665   2                      for (c = 0; pStop[c] != '\0'; c ++)
 666   2                      {
 667   3                              if (pSur[i+c] != pStop[c])
 668   3                                      break;
 669   3                      }
 670   2                      if (pStop[c] == '\0')
 671   2                              return 0xffff;          
C51 COMPILER V9.05   HTTPDAPI                                                              04/09/2012 13:44:24 PAGE 12  

 672   2              }
 673   1              return 0xffff;
 674   1      } /* End of httpapi_SearchStrStopByTag() */
 675          
 676          /*
 677           * ----------------------------------------------------------------------------
 678           * Function Name: HTTPAPI_ParseAuthenHeader()
 679           * Purpose: 
 680           * Params:
 681           * Returns:
 682           * Note:
 683           * ----------------------------------------------------------------------------
 684           */
 685          U8_T HTTPAPI_ParseAuthenHeader(U8_T *pDst, U8_T *pSur, U8_T **pUserName, U8_T **pPassWord)
 686          {
 687   1              U16_T offset;
 688   1      
 689   1              offset = httpapi_SearchStrStopByTag(pSur, "Authorization: Basic ", "\r\n\r\n");
 690   1              
 691   1              if (offset != 0xffff)
 692   1              {
 693   2                      pSur += offset + 21;
 694   2                      offset = httpapi_SearchStrStopByTag(pSur, "\r\n", "\r\n\r\n");
 695   2                      if (offset == 0xffff) return HTTPAPI_ERR;
 696   2                      offset = HTTPAPI_MIMEbase64Decode(pDst, pSur, offset);
 697   2                      
 698   2                      *pUserName = pDst; // set username pointer //
 699   2                      pDst[offset] = '\0';
 700   2                      offset = httpapi_SearchStrStopByTag(pDst, ":", " ");
 701   2                      pDst[offset] = '\0';
 702   2                      *pPassWord = &pDst[offset+1]; // set password pointer //
 703   2                      return HTTPAPI_OK;
 704   2              }
 705   1              return HTTPAPI_ERR;// not found //
 706   1      } /* End of HTTPAPI_ParseAuthenHeader() */
 707          
 708          /* End of httpapi.c */


MODULE INFORMATION:   STATIC OVERLAYABLE
   CODE SIZE        =   6472    ----
   CONSTANT SIZE    =    491    ----
   XDATA SIZE       =   ----     220
   PDATA SIZE       =   ----    ----
   DATA SIZE        =   ----    ----
   IDATA SIZE       =   ----    ----
   BIT SIZE         =   ----    ----
   EDATA SIZE       =   ----    ----
   HDATA SIZE       =   ----    ----
   XDATA CONST SIZE =   ----    ----
   FAR CONST SIZE   =   ----    ----
END OF MODULE INFORMATION.


C51 COMPILATION COMPLETE.  0 WARNING(S),  0 ERROR(S)
